\BOOKMARK [0][-]{chapter*.1}{\376\377\000C\000o\000n\000t\000e\000n\000t\000s}{}% 1
\BOOKMARK [0][-]{chapter.1}{}{}% 2
\BOOKMARK [1][-]{section.1.1}{\376\377\000C\000o\000u\000r\000s\000e\000\040\000I\000n\000f\000o}{chapter.1}% 3
\BOOKMARK [1][-]{section.1.2}{\376\377\000N\000o\000t\000a\000t\000i\000o\000n\000s\000\040\000a\000n\000d\000\040\000B\000a\000s\000i\000c\000\040\000D\000e\000f\000i\000n\000i\000t\000i\000o\000n\000s}{chapter.1}% 4
\BOOKMARK [0][-]{chapter.2}{}{}% 5
\BOOKMARK [1][-]{section.2.1}{\376\377\000W\000a\000r\000m\000\040\000u\000p}{chapter.2}% 6
\BOOKMARK [1][-]{section.2.2}{\376\377\000c\000o\000n\000t\000i\000n\000u\000e\000s}{chapter.2}% 7
\BOOKMARK [0][-]{chapter.3}{}{}% 8
\BOOKMARK [1][-]{section.3.1}{\376\377\000W\000a\000r\000m\000\040\000u\000p}{chapter.3}% 9
\BOOKMARK [1][-]{section.3.2}{\376\377\000M\000a\000i\000n\000\040\000C\000o\000u\000r\000s\000e}{chapter.3}% 10
\BOOKMARK [1][-]{section.3.3}{\376\377\000A\000l\000g\000e\000b\000r\000a\000\040\000o\000f\000\040\000m\000e\000a\000s\000u\000r\000a\000b\000l\000e\000\040\000f\000u\000n\000c\000t\000i\000o\000n\000s}{chapter.3}% 11
\BOOKMARK [0][-]{chapter.4}{}{}% 12
\BOOKMARK [1][-]{section.4.1}{\376\377\000W\000a\000r\000m\000\040\000u\000p}{chapter.4}% 13
\BOOKMARK [1][-]{section.4.2}{\376\377\000C\000o\000n\000t\000i\000n\000u\000e\000s}{chapter.4}% 14
\BOOKMARK [0][-]{chapter.5}{}{}% 15
\BOOKMARK [1][-]{section.5.1}{\376\377\000P\000r\000o\000p\000e\000r\000t\000i\000e\000s\000\040\000o\000f\000\040\000M\000e\000a\000s\000u\000r\000e\000s}{chapter.5}% 16
\BOOKMARK [0][-]{chapter.6}{}{}% 17
\BOOKMARK [1][-]{section.6.1}{\376\377\000I\000n\000t\000e\000g\000r\000a\000l\000s}{chapter.6}% 18
\BOOKMARK [0][-]{chapter.7}{}{}% 19
\BOOKMARK [1][-]{section.7.1}{\376\377\000P\000r\000o\000p\000e\000r\000t\000i\000e\000s\000\040\000o\000f\000\040\000I\000n\000t\000e\000g\000r\000a\000l\000s}{chapter.7}% 20
\BOOKMARK [0][-]{chapter.8}{}{}% 21
\BOOKMARK [0][-]{chapter.9}{}{}% 22
\BOOKMARK [0][-]{chapter.10}{}{}% 23
\BOOKMARK [1][-]{section.10.1}{\376\377\000M\000e\000a\000s\000u\000r\000e\000\040\000Z\000e\000r\000o}{chapter.10}% 24
\BOOKMARK [0][-]{chapter.11}{}{}% 25
\BOOKMARK [0][-]{chapter.12}{}{}% 26
\BOOKMARK [1][-]{section.12.1}{\376\377\000R\000e\000c\000a\000p\000\040\000o\000n\000\040\000t\000o\000p\000o\000l\000o\000g\000y}{chapter.12}% 27
\BOOKMARK [0][-]{chapter.13}{}{}% 28
\BOOKMARK [0][-]{chapter.14}{}{}% 29
\BOOKMARK [1][-]{section.14.1}{\376\377\000L\000e\000b\000e\000s\000g\000u\000e\000\040\000M\000e\000a\000s\000u\000r\000e}{chapter.14}% 30
\BOOKMARK [0][-]{chapter.15}{}{}% 31
\BOOKMARK [1][-]{section.15.1}{\376\377\000V\000i\000t\000a\000l\000i\000\040\000S\000e\000t\000s}{chapter.15}% 32
\BOOKMARK [0][-]{chapter.16}{}{}% 33
\BOOKMARK [0][-]{chapter.17}{}{}% 34
\BOOKMARK [0][-]{chapter.18}{\376\377\000L\000p\000\040\000S\000p\000a\000c\000e\000s}{}% 35
\BOOKMARK [0][-]{chapter.19}{}{}% 36
\BOOKMARK [0][-]{chapter.20}{}{}% 37
\BOOKMARK [0][-]{chapter.21}{}{}% 38
\BOOKMARK [1][-]{section.21.1}{\376\377\000A\000p\000p\000r\000o\000x\000i\000m\000a\000t\000i\000o\000n\000s\000\040\000b\000y\000\040\000s\000i\000m\000p\000l\000e\000\040\000o\000r\000\040\000c\000o\000n\000t\000i\000n\000u\000o\000u\000s\000\040\000f\000u\000n\000c\000t\000i\000o\000n\000s}{chapter.21}% 39
\BOOKMARK [0][-]{chapter.22}{\376\377\000I\000n\000n\000e\000r\000\040\000P\000r\000o\000d\000u\000c\000t\000\040\000S\000p\000a\000c\000e\000s}{}% 40
\BOOKMARK [1][-]{section.22.1}{\376\377\000R\000e\000i\000s\000z\000\040\000R\000e\000p\000r\000e\000s\000e\000n\000t\000a\000t\000i\000o\000n\000\040\000T\000h\000e\000o\000r\000e\000m}{chapter.22}% 41
\BOOKMARK [1][-]{section.22.2}{\376\377\000O\000r\000t\000h\000o\000n\000o\000r\000m\000a\000l\000\040\000S\000e\000t\000s}{chapter.22}% 42
